Unity Editor version:    2020.3.29f1 (2ff179115da0)
Branch:                  2020.3/staging
Build type:              Release
Batch mode:              YES
macOS version:           Version 12.1 (Build 21C52)
Darwin version:          21.2.0
Architecture:            x86_64
Running under Rosetta:   NO
Available memory:        8192 MB
Using pre-set license
Pro License: NO

COMMAND LINE ARGUMENTS:
/Applications/Unity/Hub/Editor/2020.3.29f1/Unity.app/Contents/MacOS/Unity
-adb2
-batchMode
-noUpm
-name
AssetImportWorker0
-projectPath
/Users/richardmac/Documents/GitHub/sleepless-knights/Sleepless_Knights
-logFile
Logs/AssetImportWorker0.log
-srvPort
51405
Successfully changed project path to: /Users/richardmac/Documents/GitHub/sleepless-knights/Sleepless_Knights
/Users/richardmac/Documents/GitHub/sleepless-knights/Sleepless_Knights
Using Asset Import Pipeline V2.
Refreshing native plugins compatible for Editor in 95.70 ms, found 3 plugins.
Preloading 0 native plugins for Editor in 0.00 ms.
Initialize engine version: 2020.3.29f1 (2ff179115da0)
[Subsystems] Discovering subsystems at path /Applications/Unity/Hub/Editor/2020.3.29f1/Unity.app/Contents/Resources/UnitySubsystems
[Subsystems] Discovering subsystems at path /Users/richardmac/Documents/GitHub/sleepless-knights/Sleepless_Knights/Assets
GfxDevice: creating device client; threaded=0
2022-03-24 14:56:19.284 Unity[99538:4680489] Color LCD preferred device: Intel(R) Iris(TM) Graphics 6100 (low power)
2022-03-24 14:56:19.284 Unity[99538:4680489] Metal devices available: 1
2022-03-24 14:56:19.284 Unity[99538:4680489] 0: Intel(R) Iris(TM) Graphics 6100 (low power)
2022-03-24 14:56:19.285 Unity[99538:4680489] Using device Intel(R) Iris(TM) Graphics 6100 (low power)
Initializing Metal device caps: Intel(R) Iris(TM) Graphics 6100
Initialize mono
Mono path[0] = '/Applications/Unity/Hub/Editor/2020.3.29f1/Unity.app/Contents/Managed'
Mono path[1] = '/Applications/Unity/Hub/Editor/2020.3.29f1/Unity.app/Contents/MonoBleedingEdge/lib/mono/unityjit'
Mono config path = '/Applications/Unity/Hub/Editor/2020.3.29f1/Unity.app/Contents/MonoBleedingEdge/etc'
Using monoOptions --debugger-agent=transport=dt_socket,embedding=1,server=y,suspend=n,address=127.0.0.1:56538
Begin MonoManager ReloadAssembly
Registering precompiled unity dll's ...
Register platform support module: /Applications/Unity/Hub/Editor/2020.3.29f1/PlaybackEngines/WebGLSupport/UnityEditor.WebGL.Extensions.dll
Register platform support module: /Applications/Unity/Hub/Editor/2020.3.29f1/Unity.app/Contents/PlaybackEngines/MacStandaloneSupport/UnityEditor.OSXStandalone.Extensions.dll
Registered in 0.003415 seconds.
Native extension for OSXStandalone target not found
Native extension for WebGL target not found
Refreshing native plugins compatible for Editor in 70.57 ms, found 3 plugins.
Preloading 0 native plugins for Editor in 0.00 ms.
Mono: successfully reloaded assembly
- Completed reload, in  0.966 seconds
Domain Reload Profiling:
	ReloadAssembly (966ms)
		BeginReloadAssembly (115ms)
			ExecutionOrderSort (0ms)
			DisableScriptedObjects (0ms)
			BackupInstance (0ms)
			ReleaseScriptingObjects (0ms)
			CreateAndSetChildDomain (1ms)
		EndReloadAssembly (714ms)
			LoadAssemblies (115ms)
			RebuildTransferFunctionScriptingTraits (0ms)
			SetupTypeCache (238ms)
			ReleaseScriptCaches (0ms)
			RebuildScriptCaches (51ms)
			SetupLoadedEditorAssemblies (295ms)
				LogAssemblyErrors (0ms)
				InitializePlatformSupportModulesInManaged (7ms)
				SetLoadedEditorAssemblies (0ms)
				RefreshPlugins (71ms)
				BeforeProcessingInitializeOnLoad (40ms)
				ProcessInitializeOnLoadAttributes (139ms)
				ProcessInitializeOnLoadMethodAttributes (38ms)
				AfterProcessingInitializeOnLoad (0ms)
				EditorAssembliesLoaded (0ms)
			ExecutionOrderSort2 (0ms)
			AwakeInstancesAfterBackupRestoration (0ms)
Platform modules already initialized, skipping
Registering precompiled user dll's ...
Registered in 0.004703 seconds.
Begin MonoManager ReloadAssembly
Native extension for OSXStandalone target not found
Native extension for WebGL target not found
Refreshing native plugins compatible for Editor in 63.18 ms, found 3 plugins.
Preloading 0 native plugins for Editor in 0.00 ms.
Mono: successfully reloaded assembly
- Completed reload, in  1.599 seconds
Domain Reload Profiling:
	ReloadAssembly (1600ms)
		BeginReloadAssembly (194ms)
			ExecutionOrderSort (0ms)
			DisableScriptedObjects (6ms)
			BackupInstance (0ms)
			ReleaseScriptingObjects (0ms)
			CreateAndSetChildDomain (30ms)
		EndReloadAssembly (1329ms)
			LoadAssemblies (138ms)
			RebuildTransferFunctionScriptingTraits (0ms)
			SetupTypeCache (447ms)
			ReleaseScriptCaches (1ms)
			RebuildScriptCaches (77ms)
			SetupLoadedEditorAssemblies (500ms)
				LogAssemblyErrors (0ms)
				InitializePlatformSupportModulesInManaged (5ms)
				SetLoadedEditorAssemblies (0ms)
				RefreshPlugins (63ms)
				BeforeProcessingInitializeOnLoad (104ms)
				ProcessInitializeOnLoadAttributes (301ms)
				ProcessInitializeOnLoadMethodAttributes (24ms)
				AfterProcessingInitializeOnLoad (2ms)
				EditorAssembliesLoaded (0ms)
			ExecutionOrderSort2 (0ms)
			AwakeInstancesAfterBackupRestoration (9ms)
Platform modules already initialized, skipping
Validating Project structure ... 0.006604 seconds.
Shader import version has changed; will reimport all shaders...
Upgrading shader files ...0.007597 seconds.
Application.AssetDatabase Initial Script Refresh Start
RefreshInfo: InitialScriptRefreshV2(NoUpdateAssetOptions) scanfilter:  ... 1 filters
RefreshProfiler: Total: 0.000ms
Application.AssetDatabase Initial Script Refresh End
Application.AssetDatabase.Refresh Start
Application.AssetDatabase.Refresh End
RefreshInfo: StopAssetImportingV2(ForceSynchronousImport) scanfilter: 
RefreshProfiler: Total: 0.000ms
Launching external process: /Applications/Unity/Hub/Editor/2020.3.29f1/Unity.app/Contents/Tools/UnityShaderCompiler
Launched and connected shader compiler UnityShaderCompiler after 0.02 seconds
Initializing Unity extensions:
2022-03-24 14:56:23.721 Unity[99538:4680489] NSEventModifierFlagFunction specified to -setKeyEquivalentModifierMask: for item <NSMenuItem: 0x600000322290 Font Asset, ke='Command-F12'>, but is only supported for system-provided menu items; will not be used
2022-03-24 14:56:23.726 Unity[99538:4680489] NSEventModifierFlagFunction specified to -setKeyEquivalentModifierMask: for item <NSMenuItem: 0x600000323870 Font Asset, ke='Command-F12'>, but is only supported for system-provided menu items; will not be used
========================================================================
Worker process is ready to serve import requests
Refreshing native plugins compatible for Editor in 0.60 ms, found 3 plugins.
Preloading 0 native plugins for Editor in 0.00 ms.
Unloading 2348 Unused Serialized files (Serialized files now loaded: 0)
System memory in use before: 217.5 MB.
System memory in use after: 216.6 MB.

Unloading 151 unused Assets to reduce memory usage. Loaded Objects now: 2817.
Total: 4.438738 ms (FindLiveObjects: 0.206278 ms CreateObjectMapping: 0.095562 ms MarkObjects: 3.459594 ms  DeleteObjects: 0.676230 ms)

AssetImportParameters requested are different than current active one (requested -> active):
  custom:video-decoder-ogg-theora: a1e56fd34408186e4bbccfd4996cb3dc -> 
  custom:container-muxer-webm: aa71ff27fc2769a1b78a27578f13a17b -> 
  custom:container-demuxer-webm: 4f35f7cbe854078d1ac9338744f61a02 -> 
  custom:container-demuxer-ogg: 62fdf1f143b41e24485cea50d1cbac27 -> 
  custom:video-encoder-webm-vp8: eb34c28f22e8b96e1ab97ce403110664 -> 
  custom:framework-osx-AVFoundation: e770b220cccbd017edd2c1fefb359320 -> 
  custom:video-decoder-webm-vp8: 9c59270c3fd7afecdb556c50c9e8de78 -> 
  custom:audio-decoder-ogg-vorbis: bf7c407c2cedff20999df2af8eb42d56 -> 
  custom:audio-encoder-webm-vorbis: bf7c407c2cedff20999df2af8eb42d56 -> 
========================================================================
Received Import Request.
  path: Assets/Tiny RPG Forest/Artwork/sprites/hero/walk/hero-walk-side/hero-walk-side-3.png
  artifactKey: Guid(a274e989dc8e043a1b30c36987c3ecb1) Importer(815301076,1909f56bfc062723c751e8b465ee728b)
Start importing Assets/Tiny RPG Forest/Artwork/sprites/hero/walk/hero-walk-side/hero-walk-side-3.png using Guid(a274e989dc8e043a1b30c36987c3ecb1) Importer(815301076,1909f56bfc062723c751e8b465ee728b)  -> (artifact id: 'ff22061ce9f6812094d4e7821bf85ccc') in 0.931991 seconds 
  Import took 0.946184 seconds .

========================================================================
Received Import Request.
  Time since last request: 0.000353 seconds.
  path: Assets/Tiny RPG Forest/Artwork/sprites/hero/walk/hero-walk-side/hero-walk-side-6.png
  artifactKey: Guid(280d5eb6ec4ee40a3922d520ee42863d) Importer(815301076,1909f56bfc062723c751e8b465ee728b)
Start importing Assets/Tiny RPG Forest/Artwork/sprites/hero/walk/hero-walk-side/hero-walk-side-6.png using Guid(280d5eb6ec4ee40a3922d520ee42863d) Importer(815301076,1909f56bfc062723c751e8b465ee728b)  -> (artifact id: 'a56f4569a5b44175f74c11b6af173933') in 0.076386 seconds 
  Import took 0.084097 seconds .

========================================================================
Received Import Request.
  Time since last request: 0.000374 seconds.
  path: Assets/Tiny RPG Forest/Artwork/sprites/hero/walk/hero-walk-back/hero-walk-back-3.png
  artifactKey: Guid(a7663080596d341069f6dbaaecd4ab9d) Importer(815301076,1909f56bfc062723c751e8b465ee728b)
Start importing Assets/Tiny RPG Forest/Artwork/sprites/hero/walk/hero-walk-back/hero-walk-back-3.png using Guid(a7663080596d341069f6dbaaecd4ab9d) Importer(815301076,1909f56bfc062723c751e8b465ee728b)  -> (artifact id: 'ce8da759480a8bd5b41d48bce5039952') in 0.073091 seconds 
  Import took 0.084357 seconds .

========================================================================
Received Import Request.
  Time since last request: 0.001631 seconds.
  path: Assets/Tiny RPG Forest/Artwork/sprites/hero/walk/hero-walk-back/hero-walk-back-5.png
  artifactKey: Guid(b6e0510b98b514e078dd461313dcd347) Importer(815301076,1909f56bfc062723c751e8b465ee728b)
Start importing Assets/Tiny RPG Forest/Artwork/sprites/hero/walk/hero-walk-back/hero-walk-back-5.png using Guid(b6e0510b98b514e078dd461313dcd347) Importer(815301076,1909f56bfc062723c751e8b465ee728b)  -> (artifact id: '55b8dc9fb8d87cd370d4bc7bd8251153') in 0.052759 seconds 
  Import took 0.074684 seconds .

========================================================================
Received Import Request.
  Time since last request: 0.003117 seconds.
  path: Assets/Tiny RPG Forest/Artwork/sprites/hero/walk/hero-walk-front/hero-walk-front-2.png
  artifactKey: Guid(5365aa814486e4356841731775eab6ec) Importer(815301076,1909f56bfc062723c751e8b465ee728b)
Start importing Assets/Tiny RPG Forest/Artwork/sprites/hero/walk/hero-walk-front/hero-walk-front-2.png using Guid(5365aa814486e4356841731775eab6ec) Importer(815301076,1909f56bfc062723c751e8b465ee728b)  -> (artifact id: 'bc08dd9b914db3c420c7263314e6f1b4') in 0.043346 seconds 
  Import took 0.063167 seconds .

========================================================================
Received Import Request.
  Time since last request: 0.000394 seconds.
  path: Assets/Tiny RPG Forest/Artwork/sprites/hero/walk/hero-walk-front/hero-walk-front-4.png
  artifactKey: Guid(8d49905babc88495495ad3a6f7fce288) Importer(815301076,1909f56bfc062723c751e8b465ee728b)
Start importing Assets/Tiny RPG Forest/Artwork/sprites/hero/walk/hero-walk-front/hero-walk-front-4.png using Guid(8d49905babc88495495ad3a6f7fce288) Importer(815301076,1909f56bfc062723c751e8b465ee728b)  -> (artifact id: 'f76334cac1e481117c24f5e9a4d7d0b8') in 0.026148 seconds 
  Import took 0.030716 seconds .

========================================================================
Received Import Request.
  Time since last request: 0.000341 seconds.
  path: Assets/Tiny RPG Forest/Artwork/sprites/hero/walk/hero-walk-front/hero-walk-front-5.png
  artifactKey: Guid(7376652f4768d4adf82c2dec25babcaa) Importer(815301076,1909f56bfc062723c751e8b465ee728b)
Start importing Assets/Tiny RPG Forest/Artwork/sprites/hero/walk/hero-walk-front/hero-walk-front-5.png using Guid(7376652f4768d4adf82c2dec25babcaa) Importer(815301076,1909f56bfc062723c751e8b465ee728b)  -> (artifact id: 'bc0f768e0b3cfaa6ba0d70b44e2d13b9') in 0.051181 seconds 
  Import took 0.055760 seconds .

========================================================================
Received Import Request.
  Time since last request: 0.000302 seconds.
  path: Assets/Tiny RPG Forest/Artwork/sprites/hero/walk/hero-walk-front/hero-walk-front-6.png
  artifactKey: Guid(54e307e02e8174335a835d5efe3c8380) Importer(815301076,1909f56bfc062723c751e8b465ee728b)
Start importing Assets/Tiny RPG Forest/Artwork/sprites/hero/walk/hero-walk-front/hero-walk-front-6.png using Guid(54e307e02e8174335a835d5efe3c8380) Importer(815301076,1909f56bfc062723c751e8b465ee728b)  -> (artifact id: '8b62a639013d2660b33d417de9ef5926') in 0.058182 seconds 
  Import took 0.064777 seconds .

========================================================================
Received Import Request.
  Time since last request: 0.000402 seconds.
  path: Assets/Tiny RPG Forest/Artwork/sprites/hero/walk/hero-walk-side/hero-walk-side-2.png
  artifactKey: Guid(becb8a6873c144b738fc9cc5fceece35) Importer(815301076,1909f56bfc062723c751e8b465ee728b)
Start importing Assets/Tiny RPG Forest/Artwork/sprites/hero/walk/hero-walk-side/hero-walk-side-2.png using Guid(becb8a6873c144b738fc9cc5fceece35) Importer(815301076,1909f56bfc062723c751e8b465ee728b)  -> (artifact id: 'eead532f2a01ba3fc76c80a91ea873c1') in 0.015156 seconds 
  Import took 0.026629 seconds .

========================================================================
Received Import Request.
  Time since last request: 0.002383 seconds.
  path: Assets/Tiny RPG Forest/Artwork/sprites/hero/walk/hero-walk-front/hero-walk-front-3.png
  artifactKey: Guid(1e624e1a997d8411ebe498d51d9dcc6d) Importer(815301076,1909f56bfc062723c751e8b465ee728b)
Start importing Assets/Tiny RPG Forest/Artwork/sprites/hero/walk/hero-walk-front/hero-walk-front-3.png using Guid(1e624e1a997d8411ebe498d51d9dcc6d) Importer(815301076,1909f56bfc062723c751e8b465ee728b)  -> (artifact id: '8d4ece0d38db7ffc5ea8f0fd65abea4c') in 0.066378 seconds 
  Import took 0.085738 seconds .

========================================================================
Received Import Request.
  Time since last request: 0.000564 seconds.
  path: Assets/Tiny RPG Forest/Artwork/sprites/hero/walk/hero-walk-back/hero-walk-back-6.png
  artifactKey: Guid(89a9ed82b75b24c1492b3fd640424573) Importer(815301076,1909f56bfc062723c751e8b465ee728b)
Start importing Assets/Tiny RPG Forest/Artwork/sprites/hero/walk/hero-walk-back/hero-walk-back-6.png using Guid(89a9ed82b75b24c1492b3fd640424573) Importer(815301076,1909f56bfc062723c751e8b465ee728b)  -> (artifact id: 'd93fe38aea6724d15eed034e7f68ec2b') in 0.058965 seconds 
  Import took 0.076250 seconds .

========================================================================
Received Import Request.
  Time since last request: 0.000501 seconds.
  path: Assets/Tiny RPG Forest/Artwork/sprites/hero/walk/hero-walk-back/hero-walk-back-4.png
  artifactKey: Guid(2a39d1b36efff405c9fa9eea030081b5) Importer(815301076,1909f56bfc062723c751e8b465ee728b)
Start importing Assets/Tiny RPG Forest/Artwork/sprites/hero/walk/hero-walk-back/hero-walk-back-4.png using Guid(2a39d1b36efff405c9fa9eea030081b5) Importer(815301076,1909f56bfc062723c751e8b465ee728b)  -> (artifact id: '8f3b7d41f6382e6f48353ab97629960e') in 0.019538 seconds 
  Import took 0.040331 seconds .

========================================================================
Received Import Request.
  Time since last request: 0.000895 seconds.
  path: Assets/Tiny RPG Forest/Artwork/sprites/hero/walk/hero-walk-back/hero-walk-back-2.png
  artifactKey: Guid(bf39c8ce7ced841cdadf0334489a8ece) Importer(815301076,1909f56bfc062723c751e8b465ee728b)
Start importing Assets/Tiny RPG Forest/Artwork/sprites/hero/walk/hero-walk-back/hero-walk-back-2.png using Guid(bf39c8ce7ced841cdadf0334489a8ece) Importer(815301076,1909f56bfc062723c751e8b465ee728b)  -> (artifact id: 'ed815f4537710d41ff81d493e739c8ee') in 0.059972 seconds 
  Import took 0.071597 seconds .

========================================================================
Received Import Request.
  Time since last request: 0.000492 seconds.
  path: Assets/Tiny RPG Forest/Artwork/sprites/hero/walk/hero-walk-side/hero-walk-side-5.png
  artifactKey: Guid(b770b77e5762c4d3491a467ece3ee7e4) Importer(815301076,1909f56bfc062723c751e8b465ee728b)
Start importing Assets/Tiny RPG Forest/Artwork/sprites/hero/walk/hero-walk-side/hero-walk-side-5.png using Guid(b770b77e5762c4d3491a467ece3ee7e4) Importer(815301076,1909f56bfc062723c751e8b465ee728b)  -> (artifact id: '1630174aa396c24e49b6b4641ec14db0') in 0.055368 seconds 
  Import took 0.061584 seconds .

========================================================================
Received Import Request.
  Time since last request: 0.000316 seconds.
  path: Assets/Tiny RPG Forest/Artwork/sprites/hero/walk/hero-walk-side/hero-walk-side-1.png
  artifactKey: Guid(2521b6229a37c4a56b4fd4e12227c2fb) Importer(815301076,1909f56bfc062723c751e8b465ee728b)
Start importing Assets/Tiny RPG Forest/Artwork/sprites/hero/walk/hero-walk-side/hero-walk-side-1.png using Guid(2521b6229a37c4a56b4fd4e12227c2fb) Importer(815301076,1909f56bfc062723c751e8b465ee728b)  -> (artifact id: 'acf2441fd0f0814b5124c3fccb2e239a') in 0.048692 seconds 
  Import took 0.059955 seconds .

========================================================================
Received Import Request.
  Time since last request: 0.000897 seconds.
  path: Assets/Tiny RPG Forest/Artwork/sprites/hero/walk/hero-walk-front/hero-walk-front-1.png
  artifactKey: Guid(8f92b2d912773479894490421de2bc04) Importer(815301076,1909f56bfc062723c751e8b465ee728b)
Start importing Assets/Tiny RPG Forest/Artwork/sprites/hero/walk/hero-walk-front/hero-walk-front-1.png using Guid(8f92b2d912773479894490421de2bc04) Importer(815301076,1909f56bfc062723c751e8b465ee728b)  -> (artifact id: '14700a75a618bc2a26fa4890228ecc8c') in 0.061438 seconds 
  Import took 0.072892 seconds .

========================================================================
Received Import Request.
  Time since last request: 0.001290 seconds.
  path: Assets/Tiny RPG Forest/Artwork/sprites/hero/walk/hero-walk-side/hero-walk-side-4.png
  artifactKey: Guid(82de06744ccd74b2cb215461eafffad7) Importer(815301076,1909f56bfc062723c751e8b465ee728b)
Start importing Assets/Tiny RPG Forest/Artwork/sprites/hero/walk/hero-walk-side/hero-walk-side-4.png using Guid(82de06744ccd74b2cb215461eafffad7) Importer(815301076,1909f56bfc062723c751e8b465ee728b)  -> (artifact id: '1e649baf2e9ff1505f26e80655d16f6b') in 0.050977 seconds 
  Import took 0.074869 seconds .

========================================================================
Received Import Request.
  Time since last request: 0.000844 seconds.
  path: Assets/Tiny RPG Forest/Artwork/sprites/hero/walk/hero-walk-back/hero-walk-back-1.png
  artifactKey: Guid(b6844b89804364482afc9e85f4c7ead6) Importer(815301076,1909f56bfc062723c751e8b465ee728b)
Start importing Assets/Tiny RPG Forest/Artwork/sprites/hero/walk/hero-walk-back/hero-walk-back-1.png using Guid(b6844b89804364482afc9e85f4c7ead6) Importer(815301076,1909f56bfc062723c751e8b465ee728b)  -> (artifact id: 'b1e7273493d3cbdd9a1cc57b29022255') in 0.036750 seconds 
  Import took 0.046676 seconds .

AssetImportWorkerClient::OnTransportError - code=2 error=End of file
